Traceback (most recent call last):
  File "/home/richard/.virtualenvs/etcdocs/lib/python3.8/site-packages/jupyter_cache/executors/utils.py", line 51, in single_nb_execution
    executenb(
  File "/home/richard/.virtualenvs/etcdocs/lib/python3.8/site-packages/nbclient/client.py", line 1087, in execute
    return NotebookClient(nb=nb, resources=resources, km=km, **kwargs).execute()
  File "/home/richard/.virtualenvs/etcdocs/lib/python3.8/site-packages/nbclient/util.py", line 74, in wrapped
    return just_run(coro(*args, **kwargs))
  File "/home/richard/.virtualenvs/etcdocs/lib/python3.8/site-packages/nbclient/util.py", line 53, in just_run
    return loop.run_until_complete(coro)
  File "/usr/lib/python3.8/asyncio/base_events.py", line 616, in run_until_complete
    return future.result()
  File "/home/richard/.virtualenvs/etcdocs/lib/python3.8/site-packages/nbclient/client.py", line 540, in async_execute
    await self.async_execute_cell(
  File "/home/richard/.virtualenvs/etcdocs/lib/python3.8/site-packages/nbclient/client.py", line 832, in async_execute_cell
    self._check_raise_for_error(cell, exec_reply)
  File "/home/richard/.virtualenvs/etcdocs/lib/python3.8/site-packages/nbclient/client.py", line 740, in _check_raise_for_error
    raise CellExecutionError.from_cell_and_msg(cell, exec_reply['content'])
nbclient.exceptions.CellExecutionError: An error occurred while executing the following cell:
------------------
if((cur_total_noupper-prev_total_noupper) > 0):
  noupper_change = (prev_total_noupper-cur_total_noupper) / prev_total_noupper
  print(f"Monthly Change is {cur_total_noupper-prev_total_noupper} ({(noupper_change)*100:.4f}%) fewer lower only")
elif((cur_total_noupper-prev_total_noupper) < 0):
  noupper_change = (prev_total_noupper-cur_total_noupper) / prev_total_noupper
  print(f"Monthly Change is {cur_total_noupper-prev_total_noupper} ({(noupper_change)*100:.4f}%) more lower only")
else:
  print("No monthly change for upper/lower case object type")  
    
    
from myst_nb import glue
glue("noupper_change", noupper_change)
------------------

[0;31m---------------------------------------------------------------------------[0m
[0;31mNameError[0m                                 Traceback (most recent call last)
[0;32m<ipython-input-17-656b0fcb036a>[0m in [0;36m<module>[0;34m[0m
[1;32m     10[0m [0;34m[0m[0m
[1;32m     11[0m [0;32mfrom[0m [0mmyst_nb[0m [0;32mimport[0m [0mglue[0m[0;34m[0m[0;34m[0m[0m
[0;32m---> 12[0;31m [0mglue[0m[0;34m([0m[0;34m"noupper_change"[0m[0;34m,[0m [0mnoupper_change[0m[0;34m)[0m[0;34m[0m[0;34m[0m[0m
[0m
[0;31mNameError[0m: name 'noupper_change' is not defined
NameError: name 'noupper_change' is not defined

